{"/Users/zelvel/Desktop/greenhouse/src/App.tsx": {"path":"/Users/zelvel/Desktop/greenhouse/src/App.tsx","statementMap":{"0":{"start":{"line":1,"column":0},"end":{"line":1,"column":74}},"1":{"start":{"line":2,"column":0},"end":{"line":2,"column":59}},"2":{"start":{"line":3,"column":0},"end":{"line":3,"column":73}},"3":{"start":{"line":4,"column":0},"end":{"line":4,"column":32}},"4":{"start":{"line":5,"column":0},"end":{"line":5,"column":45}},"5":{"start":{"line":6,"column":0},"end":{"line":6,"column":42}},"6":{"start":{"line":7,"column":0},"end":{"line":7,"column":46}},"7":{"start":{"line":8,"column":0},"end":{"line":8,"column":46}},"8":{"start":{"line":9,"column":0},"end":{"line":9,"column":44}},"9":{"start":{"line":10,"column":0},"end":{"line":10,"column":44}},"10":{"start":{"line":11,"column":0},"end":{"line":11,"column":48}},"11":{"start":{"line":12,"column":0},"end":{"line":12,"column":50}},"12":{"start":{"line":15,"column":20},"end":{"line":24,"column":2}},"13":{"start":{"line":27,"column":2},"end":{"line":47,"column":4}},"14":{"start":{"line":50,"column":0},"end":{"line":50,"column":19}}},"fnMap":{"0":{"name":"App","decl":{"start":{"line":26,"column":9},"end":{"line":26,"column":12}},"loc":{"start":{"line":26,"column":12},"end":{"line":48,"column":1}}}},"branchMap":{},"s":{"0":0,"1":0,"2":0,"3":0,"4":0,"5":0,"6":0,"7":0,"8":0,"9":0,"10":0,"11":0,"12":0,"13":0,"14":0},"f":{"0":0},"b":{}}
,"/Users/zelvel/Desktop/greenhouse/src/theme.ts": {"path":"/Users/zelvel/Desktop/greenhouse/src/theme.ts","statementMap":{"0":{"start":{"line":1,"column":0},"end":{"line":1,"column":44}},"1":{"start":{"line":3,"column":13},"end":{"line":105,"column":3}}},"fnMap":{},"branchMap":{},"s":{"0":0,"1":0},"f":{},"b":{}}
,"/Users/zelvel/Desktop/greenhouse/src/hooks/useActuatorControl.ts": {"path":"/Users/zelvel/Desktop/greenhouse/src/hooks/useActuatorControl.ts","statementMap":{"0":{"start":{"line":1,"column":0},"end":{"line":1,"column":78}},"1":{"start":{"line":2,"column":0},"end":{"line":2,"column":68}},"2":{"start":{"line":5,"column":34},"end":{"line":16,"column":1}},"3":{"start":{"line":6,"column":22},"end":{"line":6,"column":38}},"4":{"start":{"line":8,"column":2},"end":{"line":15,"column":5}},"5":{"start":{"line":9,"column":35},"end":{"line":9,"column":72}},"6":{"start":{"line":12,"column":6},"end":{"line":12,"column":68}},"7":{"start":{"line":13,"column":6},"end":{"line":13,"column":82}},"8":{"start":{"line":5,"column":13},"end":{"line":5,"column":34}},"9":{"start":{"line":18,"column":31},"end":{"line":24,"column":1}},"10":{"start":{"line":19,"column":2},"end":{"line":23,"column":5}},"11":{"start":{"line":21,"column":19},"end":{"line":21,"column":59}},"12":{"start":{"line":18,"column":13},"end":{"line":18,"column":31}}},"fnMap":{"0":{"name":"(anonymous_0)","decl":{"start":{"line":5,"column":34},"end":{"line":5,"column":35}},"loc":{"start":{"line":5,"column":65},"end":{"line":16,"column":1}}},"1":{"name":"(anonymous_1)","decl":{"start":{"line":9,"column":16},"end":{"line":9,"column":17}},"loc":{"start":{"line":9,"column":35},"end":{"line":9,"column":72}}},"2":{"name":"(anonymous_2)","decl":{"start":{"line":10,"column":15},"end":{"line":10,"column":18}},"loc":{"start":{"line":10,"column":20},"end":{"line":14,"column":5}}},"3":{"name":"(anonymous_3)","decl":{"start":{"line":18,"column":31},"end":{"line":18,"column":32}},"loc":{"start":{"line":18,"column":86},"end":{"line":24,"column":1}}},"4":{"name":"(anonymous_4)","decl":{"start":{"line":21,"column":13},"end":{"line":21,"column":16}},"loc":{"start":{"line":21,"column":19},"end":{"line":21,"column":59}}}},"branchMap":{},"s":{"0":0,"1":0,"2":0,"3":0,"4":0,"5":0,"6":0,"7":0,"8":0,"9":0,"10":0,"11":0,"12":0},"f":{"0":0,"1":0,"2":0,"3":0,"4":0},"b":{}}
,"/Users/zelvel/Desktop/greenhouse/src/hooks/useSensorData.ts": {"path":"/Users/zelvel/Desktop/greenhouse/src/hooks/useSensorData.ts","statementMap":{"0":{"start":{"line":1,"column":0},"end":{"line":1,"column":49}},"1":{"start":{"line":2,"column":0},"end":{"line":2,"column":90}},"2":{"start":{"line":5,"column":32},"end":{"line":12,"column":1}},"3":{"start":{"line":6,"column":2},"end":{"line":11,"column":5}},"4":{"start":{"line":8,"column":19},"end":{"line":8,"column":47}},"5":{"start":{"line":5,"column":13},"end":{"line":5,"column":32}},"6":{"start":{"line":14,"column":29},"end":{"line":20,"column":1}},"7":{"start":{"line":15,"column":2},"end":{"line":19,"column":5}},"8":{"start":{"line":17,"column":19},"end":{"line":17,"column":55}},"9":{"start":{"line":14,"column":13},"end":{"line":14,"column":29}},"10":{"start":{"line":22,"column":38},"end":{"line":28,"column":1}},"11":{"start":{"line":23,"column":2},"end":{"line":27,"column":5}},"12":{"start":{"line":25,"column":19},"end":{"line":25,"column":64}},"13":{"start":{"line":22,"column":13},"end":{"line":22,"column":38}}},"fnMap":{"0":{"name":"(anonymous_0)","decl":{"start":{"line":5,"column":32},"end":{"line":5,"column":33}},"loc":{"start":{"line":5,"column":83},"end":{"line":12,"column":1}}},"1":{"name":"(anonymous_1)","decl":{"start":{"line":8,"column":13},"end":{"line":8,"column":16}},"loc":{"start":{"line":8,"column":19},"end":{"line":8,"column":47}}},"2":{"name":"(anonymous_2)","decl":{"start":{"line":14,"column":29},"end":{"line":14,"column":30}},"loc":{"start":{"line":14,"column":80},"end":{"line":20,"column":1}}},"3":{"name":"(anonymous_3)","decl":{"start":{"line":17,"column":13},"end":{"line":17,"column":16}},"loc":{"start":{"line":17,"column":19},"end":{"line":17,"column":55}}},"4":{"name":"(anonymous_4)","decl":{"start":{"line":22,"column":38},"end":{"line":22,"column":39}},"loc":{"start":{"line":22,"column":88},"end":{"line":28,"column":1}}},"5":{"name":"(anonymous_5)","decl":{"start":{"line":25,"column":13},"end":{"line":25,"column":16}},"loc":{"start":{"line":25,"column":19},"end":{"line":25,"column":64}}}},"branchMap":{"0":{"loc":{"start":{"line":5,"column":57},"end":{"line":5,"column":79}},"type":"default-arg","locations":[{"start":{"line":5,"column":75},"end":{"line":5,"column":79}}]}},"s":{"0":0,"1":0,"2":0,"3":0,"4":0,"5":0,"6":0,"7":0,"8":0,"9":0,"10":0,"11":0,"12":0,"13":0},"f":{"0":0,"1":0,"2":0,"3":0,"4":0,"5":0},"b":{"0":[0]}}
,"/Users/zelvel/Desktop/greenhouse/src/hooks/useSystemStatus.ts": {"path":"/Users/zelvel/Desktop/greenhouse/src/hooks/useSystemStatus.ts","statementMap":{"0":{"start":{"line":1,"column":0},"end":{"line":1,"column":49}},"1":{"start":{"line":2,"column":0},"end":{"line":2,"column":50}},"2":{"start":{"line":4,"column":31},"end":{"line":11,"column":1}},"3":{"start":{"line":5,"column":2},"end":{"line":10,"column":5}},"4":{"start":{"line":4,"column":13},"end":{"line":4,"column":31}}},"fnMap":{"0":{"name":"(anonymous_0)","decl":{"start":{"line":4,"column":31},"end":{"line":4,"column":32}},"loc":{"start":{"line":4,"column":58},"end":{"line":11,"column":1}}}},"branchMap":{"0":{"loc":{"start":{"line":4,"column":32},"end":{"line":4,"column":54}},"type":"default-arg","locations":[{"start":{"line":4,"column":50},"end":{"line":4,"column":54}}]}},"s":{"0":0,"1":0,"2":0,"3":0,"4":0},"f":{"0":0},"b":{"0":[0]}}
,"/Users/zelvel/Desktop/greenhouse/src/server/index.ts": {"path":"/Users/zelvel/Desktop/greenhouse/src/server/index.ts","statementMap":{"0":{"start":{"line":1,"column":0},"end":{"line":1,"column":30}},"1":{"start":{"line":2,"column":0},"end":{"line":2,"column":24}},"2":{"start":{"line":3,"column":0},"end":{"line":3,"column":36}},"3":{"start":{"line":4,"column":0},"end":{"line":4,"column":37}},"4":{"start":{"line":5,"column":0},"end":{"line":5,"column":43}},"5":{"start":{"line":6,"column":0},"end":{"line":6,"column":77}},"6":{"start":{"line":7,"column":0},"end":{"line":7,"column":43}},"7":{"start":{"line":8,"column":0},"end":{"line":8,"column":39}},"8":{"start":{"line":9,"column":0},"end":{"line":9,"column":43}},"9":{"start":{"line":10,"column":0},"end":{"line":10,"column":41}},"10":{"start":{"line":12,"column":19},"end":{"line":12,"column":49}},"11":{"start":{"line":13,"column":18},"end":{"line":13,"column":37}},"12":{"start":{"line":15,"column":12},"end":{"line":15,"column":21}},"13":{"start":{"line":16,"column":13},"end":{"line":16,"column":37}},"14":{"start":{"line":19,"column":20},"end":{"line":33,"column":2}},"15":{"start":{"line":36,"column":0},"end":{"line":36,"column":27}},"16":{"start":{"line":39,"column":0},"end":{"line":39,"column":24}},"17":{"start":{"line":42,"column":0},"end":{"line":42,"column":55}},"18":{"start":{"line":45,"column":0},"end":{"line":45,"column":33}},"19":{"start":{"line":48,"column":0},"end":{"line":55,"column":3}},"20":{"start":{"line":49,"column":2},"end":{"line":53,"column":5}},"21":{"start":{"line":54,"column":2},"end":{"line":54,"column":9}},"22":{"start":{"line":58,"column":0},"end":{"line":58,"column":30}},"23":{"start":{"line":61,"column":0},"end":{"line":92,"column":3}},"24":{"start":{"line":62,"column":2},"end":{"line":91,"column":5}},"25":{"start":{"line":95,"column":0},"end":{"line":108,"column":3}},"26":{"start":{"line":97,"column":2},"end":{"line":107,"column":5}},"27":{"start":{"line":111,"column":0},"end":{"line":158,"column":3}},"28":{"start":{"line":112,"column":41},"end":{"line":112,"column":50}},"29":{"start":{"line":113,"column":14},"end":{"line":113,"column":24}},"30":{"start":{"line":114,"column":20},"end":{"line":114,"column":111}},"31":{"start":{"line":115,"column":18},"end":{"line":115,"column":63}},"32":{"start":{"line":116,"column":15},"end":{"line":116,"column":17}},"33":{"start":{"line":119,"column":20},"end":{"line":119,"column":92}},"34":{"start":{"line":122,"column":2},"end":{"line":155,"column":null}},"35":{"start":{"line":122,"column":15},"end":{"line":122,"column":16}},"36":{"start":{"line":123,"column":22},"end":{"line":123,"column":72}},"37":{"start":{"line":126,"column":4},"end":{"line":142,"column":null}},"38":{"start":{"line":128,"column":8},"end":{"line":128,"column":40}},"39":{"start":{"line":129,"column":8},"end":{"line":129,"column":20}},"40":{"start":{"line":130,"column":8},"end":{"line":130,"column":14}},"41":{"start":{"line":132,"column":8},"end":{"line":132,"column":40}},"42":{"start":{"line":133,"column":8},"end":{"line":133,"column":19}},"43":{"start":{"line":134,"column":8},"end":{"line":134,"column":14}},"44":{"start":{"line":136,"column":8},"end":{"line":136,"column":44}},"45":{"start":{"line":137,"column":8},"end":{"line":137,"column":21}},"46":{"start":{"line":138,"column":8},"end":{"line":138,"column":14}},"47":{"start":{"line":140,"column":8},"end":{"line":140,"column":36}},"48":{"start":{"line":141,"column":8},"end":{"line":141,"column":23}},"49":{"start":{"line":144,"column":4},"end":{"line":154,"column":7}},"50":{"start":{"line":157,"column":2},"end":{"line":157,"column":17}},"51":{"start":{"line":161,"column":0},"end":{"line":171,"column":3}},"52":{"start":{"line":162,"column":19},"end":{"line":162,"column":29}},"53":{"start":{"line":163,"column":20},"end":{"line":163,"column":28}},"54":{"start":{"line":165,"column":2},"end":{"line":170,"column":5}},"55":{"start":{"line":174,"column":26},"end":{"line":184,"column":2}},"56":{"start":{"line":186,"column":16},"end":{"line":189,"column":2}},"57":{"start":{"line":191,"column":20},"end":{"line":191,"column":41}},"58":{"start":{"line":193,"column":0},"end":{"line":193,"column":68}},"59":{"start":{"line":196,"column":0},"end":{"line":198,"column":3}},"60":{"start":{"line":197,"column":2},"end":{"line":197,"column":57}},"61":{"start":{"line":201,"column":0},"end":{"line":201,"column":25}},"62":{"start":{"line":202,"column":0},"end":{"line":202,"column":22}},"63":{"start":{"line":205,"column":15},"end":{"line":207,"column":2}},"64":{"start":{"line":206,"column":2},"end":{"line":206,"column":48}},"65":{"start":{"line":210,"column":0},"end":{"line":216,"column":3}},"66":{"start":{"line":211,"column":2},"end":{"line":211,"column":62}},"67":{"start":{"line":212,"column":2},"end":{"line":215,"column":5}},"68":{"start":{"line":213,"column":4},"end":{"line":213,"column":38}},"69":{"start":{"line":214,"column":4},"end":{"line":214,"column":20}}},"fnMap":{"0":{"name":"(anonymous_0)","decl":{"start":{"line":48,"column":16},"end":{"line":48,"column":17}},"loc":{"start":{"line":48,"column":35},"end":{"line":55,"column":1}}},"1":{"name":"(anonymous_1)","decl":{"start":{"line":61,"column":19},"end":{"line":61,"column":20}},"loc":{"start":{"line":61,"column":33},"end":{"line":92,"column":1}}},"2":{"name":"(anonymous_2)","decl":{"start":{"line":95,"column":25},"end":{"line":95,"column":26}},"loc":{"start":{"line":95,"column":38},"end":{"line":108,"column":1}}},"3":{"name":"(anonymous_3)","decl":{"start":{"line":111,"column":25},"end":{"line":111,"column":26}},"loc":{"start":{"line":111,"column":38},"end":{"line":158,"column":1}}},"4":{"name":"(anonymous_4)","decl":{"start":{"line":161,"column":28},"end":{"line":161,"column":29}},"loc":{"start":{"line":161,"column":41},"end":{"line":171,"column":1}}},"5":{"name":"(anonymous_5)","decl":{"start":{"line":196,"column":13},"end":{"line":196,"column":14}},"loc":{"start":{"line":196,"column":27},"end":{"line":198,"column":1}}},"6":{"name":"(anonymous_6)","decl":{"start":{"line":205,"column":32},"end":{"line":205,"column":35}},"loc":{"start":{"line":205,"column":37},"end":{"line":207,"column":1}}},"7":{"name":"(anonymous_7)","decl":{"start":{"line":210,"column":22},"end":{"line":210,"column":25}},"loc":{"start":{"line":210,"column":27},"end":{"line":216,"column":1}}},"8":{"name":"(anonymous_8)","decl":{"start":{"line":212,"column":15},"end":{"line":212,"column":18}},"loc":{"start":{"line":212,"column":20},"end":{"line":215,"column":3}}}},"branchMap":{"0":{"loc":{"start":{"line":16,"column":13},"end":{"line":16,"column":37}},"type":"binary-expr","locations":[{"start":{"line":16,"column":13},"end":{"line":16,"column":29}},{"start":{"line":16,"column":33},"end":{"line":16,"column":37}}]},"1":{"loc":{"start":{"line":20,"column":10},"end":{"line":22,"column":31}},"type":"cond-expr","locations":[{"start":{"line":21,"column":6},"end":{"line":21,"column":44}},{"start":{"line":22,"column":6},"end":{"line":22,"column":31}}]},"2":{"loc":{"start":{"line":100,"column":10},"end":{"line":100,"column":97}},"type":"cond-expr","locations":[{"start":{"line":100,"column":46},"end":{"line":100,"column":50}},{"start":{"line":100,"column":53},"end":{"line":100,"column":97}}]},"3":{"loc":{"start":{"line":100,"column":53},"end":{"line":100,"column":97}},"type":"cond-expr","locations":[{"start":{"line":100,"column":86},"end":{"line":100,"column":89}},{"start":{"line":100,"column":92},"end":{"line":100,"column":97}}]},"4":{"loc":{"start":{"line":114,"column":20},"end":{"line":114,"column":111}},"type":"cond-expr","locations":[{"start":{"line":114,"column":33},"end":{"line":114,"column":63}},{"start":{"line":114,"column":66},"end":{"line":114,"column":111}}]},"5":{"loc":{"start":{"line":115,"column":18},"end":{"line":115,"column":63}},"type":"cond-expr","locations":[{"start":{"line":115,"column":29},"end":{"line":115,"column":57}},{"start":{"line":115,"column":60},"end":{"line":115,"column":63}}]},"6":{"loc":{"start":{"line":126,"column":4},"end":{"line":142,"column":null}},"type":"switch","locations":[{"start":{"line":127,"column":6},"end":{"line":130,"column":14}},{"start":{"line":131,"column":6},"end":{"line":134,"column":14}},{"start":{"line":135,"column":6},"end":{"line":138,"column":14}},{"start":{"line":139,"column":6},"end":{"line":141,"column":23}}]}},"s":{"0":0,"1":0,"2":0,"3":0,"4":0,"5":0,"6":0,"7":0,"8":0,"9":0,"10":0,"11":0,"12":0,"13":0,"14":0,"15":0,"16":0,"17":0,"18":0,"19":0,"20":0,"21":0,"22":0,"23":0,"24":0,"25":0,"26":0,"27":0,"28":0,"29":0,"30":0,"31":0,"32":0,"33":0,"34":0,"35":0,"36":0,"37":0,"38":0,"39":0,"40":0,"41":0,"42":0,"43":0,"44":0,"45":0,"46":0,"47":0,"48":0,"49":0,"50":0,"51":0,"52":0,"53":0,"54":0,"55":0,"56":0,"57":0,"58":0,"59":0,"60":0,"61":0,"62":0,"63":0,"64":0,"65":0,"66":0,"67":0,"68":0,"69":0},"f":{"0":0,"1":0,"2":0,"3":0,"4":0,"5":0,"6":0,"7":0,"8":0},"b":{"0":[0,0],"1":[0,0],"2":[0,0],"3":[0,0],"4":[0,0],"5":[0,0],"6":[0,0,0,0]}}
,"/Users/zelvel/Desktop/greenhouse/src/server/api/config.ts": {"path":"/Users/zelvel/Desktop/greenhouse/src/server/api/config.ts","statementMap":{"0":{"start":{"line":1,"column":0},"end":{"line":1,"column":33}},"1":{"start":{"line":3,"column":0},"end":{"line":3,"column":59}},"2":{"start":{"line":4,"column":0},"end":{"line":4,"column":36}},"3":{"start":{"line":5,"column":0},"end":{"line":5,"column":46}},"4":{"start":{"line":7,"column":19},"end":{"line":7,"column":49}},"5":{"start":{"line":8,"column":18},"end":{"line":8,"column":37}},"6":{"start":{"line":10,"column":15},"end":{"line":10,"column":23}},"7":{"start":{"line":12,"column":19},"end":{"line":12,"column":65}},"8":{"start":{"line":13,"column":18},"end":{"line":13,"column":52}},"9":{"start":{"line":155,"column":19},"end":{"line":155,"column":44}},"10":{"start":{"line":156,"column":15},"end":{"line":156,"column":48}},"11":{"start":{"line":157,"column":2},"end":{"line":157,"column":26}},"12":{"start":{"line":161,"column":0},"end":{"line":179,"column":3}},"13":{"start":{"line":161,"column":61},"end":{"line":179,"column":2}},"14":{"start":{"line":162,"column":2},"end":{"line":178,"column":null}},"15":{"start":{"line":163,"column":17},"end":{"line":163,"column":52}},"16":{"start":{"line":164,"column":33},"end":{"line":164,"column":49}},"17":{"start":{"line":165,"column":44},"end":{"line":165,"column":46}},"18":{"start":{"line":166,"column":4},"end":{"line":173,"column":null}},"19":{"start":{"line":167,"column":6},"end":{"line":172,"column":null}},"20":{"start":{"line":168,"column":22},"end":{"line":168,"column":47}},"21":{"start":{"line":169,"column":8},"end":{"line":169,"column":49}},"22":{"start":{"line":174,"column":4},"end":{"line":174,"column":21}},"23":{"start":{"line":176,"column":4},"end":{"line":176,"column":58}},"24":{"start":{"line":177,"column":4},"end":{"line":177,"column":69}},"25":{"start":{"line":182,"column":0},"end":{"line":191,"column":3}},"26":{"start":{"line":182,"column":61},"end":{"line":191,"column":2}},"27":{"start":{"line":183,"column":2},"end":{"line":190,"column":null}},"28":{"start":{"line":184,"column":33},"end":{"line":184,"column":41}},"29":{"start":{"line":185,"column":4},"end":{"line":185,"column":78}},"30":{"start":{"line":186,"column":4},"end":{"line":186,"column":32}},"31":{"start":{"line":188,"column":4},"end":{"line":188,"column":58}},"32":{"start":{"line":189,"column":4},"end":{"line":189,"column":70}},"33":{"start":{"line":194,"column":0},"end":{"line":225,"column":3}},"34":{"start":{"line":194,"column":66},"end":{"line":225,"column":2}},"35":{"start":{"line":195,"column":2},"end":{"line":224,"column":null}},"36":{"start":{"line":196,"column":18},"end":{"line":196,"column":26}},"37":{"start":{"line":197,"column":4},"end":{"line":199,"column":null}},"38":{"start":{"line":198,"column":6},"end":{"line":198,"column":67}},"39":{"start":{"line":201,"column":18},"end":{"line":201,"column":42}},"40":{"start":{"line":202,"column":27},"end":{"line":202,"column":78}},"41":{"start":{"line":203,"column":19},"end":{"line":203,"column":125}},"42":{"start":{"line":203,"column":35},"end":{"line":203,"column":124}},"43":{"start":{"line":204,"column":4},"end":{"line":206,"column":null}},"44":{"start":{"line":205,"column":6},"end":{"line":205,"column":42}},"45":{"start":{"line":207,"column":21},"end":{"line":207,"column":46}},"46":{"start":{"line":208,"column":4},"end":{"line":208,"column":71}},"47":{"start":{"line":210,"column":31},"end":{"line":210,"column":33}},"48":{"start":{"line":211,"column":4},"end":{"line":215,"column":null}},"49":{"start":{"line":212,"column":6},"end":{"line":212,"column":67}},"50":{"start":{"line":216,"column":4},"end":{"line":219,"column":null}},"51":{"start":{"line":217,"column":6},"end":{"line":217,"column":32}},"52":{"start":{"line":218,"column":6},"end":{"line":218,"column":80}},"53":{"start":{"line":220,"column":4},"end":{"line":220,"column":32}},"54":{"start":{"line":222,"column":4},"end":{"line":222,"column":48}},"55":{"start":{"line":223,"column":4},"end":{"line":223,"column":60}},"56":{"start":{"line":228,"column":0},"end":{"line":248,"column":3}},"57":{"start":{"line":228,"column":69},"end":{"line":248,"column":2}},"58":{"start":{"line":229,"column":2},"end":{"line":247,"column":null}},"59":{"start":{"line":230,"column":17},"end":{"line":230,"column":32}},"60":{"start":{"line":231,"column":4},"end":{"line":231,"column":76}},"61":{"start":{"line":231,"column":15},"end":{"line":231,"column":76}},"62":{"start":{"line":232,"column":21},"end":{"line":232,"column":76}},"63":{"start":{"line":234,"column":31},"end":{"line":234,"column":33}},"64":{"start":{"line":235,"column":4},"end":{"line":239,"column":null}},"65":{"start":{"line":236,"column":6},"end":{"line":236,"column":67}},"66":{"start":{"line":240,"column":4},"end":{"line":240,"column":56}},"67":{"start":{"line":240,"column":40},"end":{"line":240,"column":54}},"68":{"start":{"line":241,"column":4},"end":{"line":241,"column":78}},"69":{"start":{"line":243,"column":4},"end":{"line":243,"column":32}},"70":{"start":{"line":245,"column":4},"end":{"line":245,"column":67}},"71":{"start":{"line":246,"column":4},"end":{"line":246,"column":79}},"72":{"start":{"line":251,"column":0},"end":{"line":266,"column":3}},"73":{"start":{"line":251,"column":62},"end":{"line":266,"column":2}},"74":{"start":{"line":252,"column":2},"end":{"line":265,"column":null}},"75":{"start":{"line":253,"column":18},"end":{"line":253,"column":42}},"76":{"start":{"line":254,"column":31},"end":{"line":254,"column":33}},"77":{"start":{"line":255,"column":4},"end":{"line":259,"column":null}},"78":{"start":{"line":256,"column":6},"end":{"line":256,"column":67}},"79":{"start":{"line":260,"column":20},"end":{"line":260,"column":111}},"80":{"start":{"line":260,"column":38},"end":{"line":260,"column":110}},"81":{"start":{"line":261,"column":4},"end":{"line":261,"column":22}},"82":{"start":{"line":263,"column":4},"end":{"line":263,"column":56}},"83":{"start":{"line":264,"column":4},"end":{"line":264,"column":67}},"84":{"start":{"line":269,"column":0},"end":{"line":282,"column":3}},"85":{"start":{"line":269,"column":71},"end":{"line":282,"column":2}},"86":{"start":{"line":270,"column":2},"end":{"line":281,"column":null}},"87":{"start":{"line":271,"column":25},"end":{"line":271,"column":35}},"88":{"start":{"line":272,"column":4},"end":{"line":274,"column":null}},"89":{"start":{"line":273,"column":6},"end":{"line":273,"column":66}},"90":{"start":{"line":275,"column":21},"end":{"line":275,"column":46}},"91":{"start":{"line":276,"column":17},"end":{"line":276,"column":50}},"92":{"start":{"line":277,"column":4},"end":{"line":277,"column":44}},"93":{"start":{"line":279,"column":4},"end":{"line":279,"column":55}},"94":{"start":{"line":280,"column":4},"end":{"line":280,"column":66}},"95":{"start":{"line":285,"column":0},"end":{"line":298,"column":3}},"96":{"start":{"line":285,"column":62},"end":{"line":298,"column":2}},"97":{"start":{"line":286,"column":2},"end":{"line":297,"column":null}},"98":{"start":{"line":287,"column":34},"end":{"line":287,"column":42}},"99":{"start":{"line":288,"column":4},"end":{"line":290,"column":null}},"100":{"start":{"line":289,"column":6},"end":{"line":289,"column":84}},"101":{"start":{"line":291,"column":21},"end":{"line":291,"column":46}},"102":{"start":{"line":292,"column":4},"end":{"line":292,"column":73}},"103":{"start":{"line":293,"column":4},"end":{"line":293,"column":32}},"104":{"start":{"line":295,"column":4},"end":{"line":295,"column":54}},"105":{"start":{"line":296,"column":4},"end":{"line":296,"column":66}},"106":{"start":{"line":300,"column":0},"end":{"line":300,"column":22}}},"fnMap":{"0":{"name":"loadPlantFile","decl":{"start":{"line":154,"column":15},"end":{"line":154,"column":28}},"loc":{"start":{"line":154,"column":45},"end":{"line":158,"column":null}}},"1":{"name":"(anonymous_9)","decl":{"start":{"line":161,"column":22},"end":{"line":161,"column":29}},"loc":{"start":{"line":161,"column":61},"end":{"line":179,"column":2}}},"2":{"name":"(anonymous_10)","decl":{"start":{"line":161,"column":61},"end":{"line":161,"column":null}},"loc":{"start":{"line":161,"column":61},"end":{"line":179,"column":1}}},"3":{"name":"(anonymous_11)","decl":{"start":{"line":182,"column":23},"end":{"line":182,"column":30}},"loc":{"start":{"line":182,"column":61},"end":{"line":191,"column":2}}},"4":{"name":"(anonymous_12)","decl":{"start":{"line":182,"column":61},"end":{"line":182,"column":null}},"loc":{"start":{"line":182,"column":61},"end":{"line":191,"column":1}}},"5":{"name":"(anonymous_13)","decl":{"start":{"line":194,"column":28},"end":{"line":194,"column":35}},"loc":{"start":{"line":194,"column":66},"end":{"line":225,"column":2}}},"6":{"name":"(anonymous_14)","decl":{"start":{"line":194,"column":66},"end":{"line":194,"column":null}},"loc":{"start":{"line":194,"column":66},"end":{"line":225,"column":1}}},"7":{"name":"(anonymous_15)","decl":{"start":{"line":203,"column":30},"end":{"line":203,"column":31}},"loc":{"start":{"line":203,"column":35},"end":{"line":203,"column":124}}},"8":{"name":"(anonymous_16)","decl":{"start":{"line":228,"column":31},"end":{"line":228,"column":38}},"loc":{"start":{"line":228,"column":69},"end":{"line":248,"column":2}}},"9":{"name":"(anonymous_17)","decl":{"start":{"line":228,"column":69},"end":{"line":228,"column":null}},"loc":{"start":{"line":228,"column":69},"end":{"line":248,"column":1}}},"10":{"name":"(anonymous_18)","decl":{"start":{"line":240,"column":35},"end":{"line":240,"column":36}},"loc":{"start":{"line":240,"column":40},"end":{"line":240,"column":54}}},"11":{"name":"(anonymous_19)","decl":{"start":{"line":251,"column":23},"end":{"line":251,"column":30}},"loc":{"start":{"line":251,"column":62},"end":{"line":266,"column":2}}},"12":{"name":"(anonymous_20)","decl":{"start":{"line":251,"column":62},"end":{"line":251,"column":null}},"loc":{"start":{"line":251,"column":62},"end":{"line":266,"column":1}}},"13":{"name":"(anonymous_21)","decl":{"start":{"line":260,"column":33},"end":{"line":260,"column":34}},"loc":{"start":{"line":260,"column":38},"end":{"line":260,"column":110}}},"14":{"name":"(anonymous_22)","decl":{"start":{"line":269,"column":33},"end":{"line":269,"column":40}},"loc":{"start":{"line":269,"column":71},"end":{"line":282,"column":2}}},"15":{"name":"(anonymous_23)","decl":{"start":{"line":269,"column":71},"end":{"line":269,"column":null}},"loc":{"start":{"line":269,"column":71},"end":{"line":282,"column":1}}},"16":{"name":"(anonymous_24)","decl":{"start":{"line":285,"column":24},"end":{"line":285,"column":31}},"loc":{"start":{"line":285,"column":62},"end":{"line":298,"column":2}}},"17":{"name":"(anonymous_25)","decl":{"start":{"line":285,"column":62},"end":{"line":285,"column":null}},"loc":{"start":{"line":285,"column":62},"end":{"line":298,"column":1}}}},"branchMap":{"0":{"loc":{"start":{"line":197,"column":4},"end":{"line":199,"column":null}},"type":"if","locations":[{"start":{"line":197,"column":4},"end":{"line":199,"column":null}}]},"1":{"loc":{"start":{"line":197,"column":8},"end":{"line":197,"column":29}},"type":"binary-expr","locations":[{"start":{"line":197,"column":8},"end":{"line":197,"column":14}},{"start":{"line":197,"column":18},"end":{"line":197,"column":29}}]},"2":{"loc":{"start":{"line":203,"column":35},"end":{"line":203,"column":124}},"type":"binary-expr","locations":[{"start":{"line":203,"column":35},"end":{"line":203,"column":54}},{"start":{"line":203,"column":58},"end":{"line":203,"column":77}},{"start":{"line":203,"column":81},"end":{"line":203,"column":124}}]},"3":{"loc":{"start":{"line":204,"column":4},"end":{"line":206,"column":null}},"type":"if","locations":[{"start":{"line":204,"column":4},"end":{"line":206,"column":null}}]},"4":{"loc":{"start":{"line":216,"column":4},"end":{"line":219,"column":null}},"type":"if","locations":[{"start":{"line":216,"column":4},"end":{"line":219,"column":null}}]},"5":{"loc":{"start":{"line":231,"column":4},"end":{"line":231,"column":76}},"type":"if","locations":[{"start":{"line":231,"column":4},"end":{"line":231,"column":76}}]},"6":{"loc":{"start":{"line":260,"column":38},"end":{"line":260,"column":110}},"type":"binary-expr","locations":[{"start":{"line":260,"column":38},"end":{"line":260,"column":60}},{"start":{"line":260,"column":64},"end":{"line":260,"column":83}},{"start":{"line":260,"column":87},"end":{"line":260,"column":110}}]},"7":{"loc":{"start":{"line":272,"column":4},"end":{"line":274,"column":null}},"type":"if","locations":[{"start":{"line":272,"column":4},"end":{"line":274,"column":null}}]},"8":{"loc":{"start":{"line":272,"column":8},"end":{"line":272,"column":80}},"type":"binary-expr","locations":[{"start":{"line":272,"column":8},"end":{"line":272,"column":17}},{"start":{"line":272,"column":21},"end":{"line":272,"column":49}},{"start":{"line":272,"column":53},"end":{"line":272,"column":80}}]},"9":{"loc":{"start":{"line":288,"column":4},"end":{"line":290,"column":null}},"type":"if","locations":[{"start":{"line":288,"column":4},"end":{"line":290,"column":null}}]},"10":{"loc":{"start":{"line":288,"column":8},"end":{"line":288,"column":60}},"type":"binary-expr","locations":[{"start":{"line":288,"column":8},"end":{"line":288,"column":17}},{"start":{"line":288,"column":21},"end":{"line":288,"column":29}},{"start":{"line":288,"column":33},"end":{"line":288,"column":60}}]}},"s":{"0":0,"1":0,"2":0,"3":0,"4":0,"5":0,"6":0,"7":0,"8":0,"9":0,"10":0,"11":0,"12":0,"13":0,"14":0,"15":0,"16":0,"17":0,"18":0,"19":0,"20":0,"21":0,"22":0,"23":0,"24":0,"25":0,"26":0,"27":0,"28":0,"29":0,"30":0,"31":0,"32":0,"33":0,"34":0,"35":0,"36":0,"37":0,"38":0,"39":0,"40":0,"41":0,"42":0,"43":0,"44":0,"45":0,"46":0,"47":0,"48":0,"49":0,"50":0,"51":0,"52":0,"53":0,"54":0,"55":0,"56":0,"57":0,"58":0,"59":0,"60":0,"61":0,"62":0,"63":0,"64":0,"65":0,"66":0,"67":0,"68":0,"69":0,"70":0,"71":0,"72":0,"73":0,"74":0,"75":0,"76":0,"77":0,"78":0,"79":0,"80":0,"81":0,"82":0,"83":0,"84":0,"85":0,"86":0,"87":0,"88":0,"89":0,"90":0,"91":0,"92":0,"93":0,"94":0,"95":0,"96":0,"97":0,"98":0,"99":0,"100":0,"101":0,"102":0,"103":0,"104":0,"105":0,"106":0},"f":{"0":0,"1":0,"2":0,"3":0,"4":0,"5":0,"6":0,"7":0,"8":0,"9":0,"10":0,"11":0,"12":0,"13":0,"14":0,"15":0,"16":0,"17":0},"b":{"0":[0],"1":[0,0],"2":[0,0,0],"3":[0],"4":[0],"5":[0],"6":[0,0,0],"7":[0],"8":[0,0,0],"9":[0],"10":[0,0,0]}}
,"/Users/zelvel/Desktop/greenhouse/src/server/api/health.ts": {"path":"/Users/zelvel/Desktop/greenhouse/src/server/api/health.ts","statementMap":{"0":{"start":{"line":2,"column":0},"end":{"line":2,"column":33}},"1":{"start":{"line":3,"column":0},"end":{"line":3,"column":40}},"2":{"start":{"line":5,"column":15},"end":{"line":5,"column":23}},"3":{"start":{"line":19,"column":0},"end":{"line":51,"column":3}},"4":{"start":{"line":19,"column":55},"end":{"line":51,"column":2}},"5":{"start":{"line":20,"column":31},"end":{"line":29,"column":4}},"6":{"start":{"line":32,"column":2},"end":{"line":42,"column":null}},"7":{"start":{"line":35,"column":4},"end":{"line":38,"column":6}},"8":{"start":{"line":40,"column":4},"end":{"line":40,"column":56}},"9":{"start":{"line":41,"column":4},"end":{"line":41,"column":31}},"10":{"start":{"line":45,"column":2},"end":{"line":47,"column":null}},"11":{"start":{"line":45,"column":54},"end":{"line":45,"column":84}},"12":{"start":{"line":46,"column":4},"end":{"line":46,"column":32}},"13":{"start":{"line":49,"column":21},"end":{"line":49,"column":62}},"14":{"start":{"line":50,"column":2},"end":{"line":50,"column":38}},"15":{"start":{"line":53,"column":0},"end":{"line":53,"column":22}}},"fnMap":{"0":{"name":"(anonymous_7)","decl":{"start":{"line":19,"column":16},"end":{"line":19,"column":23}},"loc":{"start":{"line":19,"column":55},"end":{"line":51,"column":2}}},"1":{"name":"(anonymous_8)","decl":{"start":{"line":19,"column":55},"end":{"line":19,"column":null}},"loc":{"start":{"line":19,"column":55},"end":{"line":51,"column":1}}},"2":{"name":"(anonymous_9)","decl":{"start":{"line":45,"column":43},"end":{"line":45,"column":50}},"loc":{"start":{"line":45,"column":54},"end":{"line":45,"column":84}}}},"branchMap":{"0":{"loc":{"start":{"line":23,"column":13},"end":{"line":23,"column":55}},"type":"binary-expr","locations":[{"start":{"line":23,"column":13},"end":{"line":23,"column":44}},{"start":{"line":23,"column":48},"end":{"line":23,"column":55}}]},"1":{"loc":{"start":{"line":45,"column":2},"end":{"line":47,"column":null}},"type":"if","locations":[{"start":{"line":45,"column":2},"end":{"line":47,"column":null}}]},"2":{"loc":{"start":{"line":49,"column":21},"end":{"line":49,"column":62}},"type":"cond-expr","locations":[{"start":{"line":49,"column":53},"end":{"line":49,"column":56}},{"start":{"line":49,"column":59},"end":{"line":49,"column":62}}]}},"s":{"0":0,"1":0,"2":0,"3":0,"4":0,"5":0,"6":0,"7":0,"8":0,"9":0,"10":0,"11":0,"12":0,"13":0,"14":0,"15":0},"f":{"0":0,"1":0,"2":0},"b":{"0":[0,0],"1":[0],"2":[0,0]}}
,"/Users/zelvel/Desktop/greenhouse/src/server/hardware/sensors.ts": {"path":"/Users/zelvel/Desktop/greenhouse/src/server/hardware/sensors.ts","statementMap":{"0":{"start":{"line":1,"column":0},"end":{"line":1,"column":40}},"1":{"start":{"line":2,"column":0},"end":{"line":2,"column":20}},"2":{"start":{"line":3,"column":0},"end":{"line":3,"column":24}},"3":{"start":{"line":46,"column":45},"end":{"line":51,"column":2}},"4":{"start":{"line":54,"column":104},"end":{"line":71,"column":2}},"5":{"start":{"line":77,"column":10},"end":{"line":77,"column":65}},"6":{"start":{"line":78,"column":19},"end":{"line":78,"column":93}},"7":{"start":{"line":82,"column":21},"end":{"line":82,"column":35}},"8":{"start":{"line":83,"column":4},"end":{"line":86,"column":7}},"9":{"start":{"line":88,"column":4},"end":{"line":88,"column":30}},"10":{"start":{"line":89,"column":4},"end":{"line":89,"column":31}},"11":{"start":{"line":90,"column":4},"end":{"line":90,"column":27}},"12":{"start":{"line":91,"column":4},"end":{"line":91,"column":33}},"13":{"start":{"line":95,"column":4},"end":{"line":106,"column":null}},"14":{"start":{"line":96,"column":6},"end":{"line":102,"column":null}},"15":{"start":{"line":97,"column":21},"end":{"line":97,"column":67}},"16":{"start":{"line":98,"column":8},"end":{"line":98,"column":48}},"17":{"start":{"line":100,"column":8},"end":{"line":100,"column":51}},"18":{"start":{"line":101,"column":8},"end":{"line":101,"column":31}},"19":{"start":{"line":104,"column":6},"end":{"line":104,"column":62}},"20":{"start":{"line":105,"column":6},"end":{"line":105,"column":49}},"21":{"start":{"line":110,"column":4},"end":{"line":118,"column":null}},"22":{"start":{"line":111,"column":18},"end":{"line":111,"column":53}},"23":{"start":{"line":112,"column":6},"end":{"line":114,"column":null}},"24":{"start":{"line":113,"column":8},"end":{"line":113,"column":47}},"25":{"start":{"line":115,"column":6},"end":{"line":115,"column":93}},"26":{"start":{"line":117,"column":6},"end":{"line":117,"column":61}},"27":{"start":{"line":122,"column":4},"end":{"line":124,"column":null}},"28":{"start":{"line":123,"column":6},"end":{"line":123,"column":61}},"29":{"start":{"line":126,"column":4},"end":{"line":156,"column":null}},"30":{"start":{"line":128,"column":42},"end":{"line":128,"column":46}},"31":{"start":{"line":129,"column":8},"end":{"line":131,"column":null}},"32":{"start":{"line":130,"column":10},"end":{"line":130,"column":77}},"33":{"start":{"line":132,"column":8},"end":{"line":132,"column":14}},"34":{"start":{"line":135,"column":40},"end":{"line":135,"column":44}},"35":{"start":{"line":136,"column":8},"end":{"line":138,"column":null}},"36":{"start":{"line":137,"column":10},"end":{"line":137,"column":72}},"37":{"start":{"line":139,"column":8},"end":{"line":139,"column":14}},"38":{"start":{"line":142,"column":40},"end":{"line":142,"column":44}},"39":{"start":{"line":143,"column":8},"end":{"line":145,"column":null}},"40":{"start":{"line":144,"column":10},"end":{"line":144,"column":73}},"41":{"start":{"line":146,"column":8},"end":{"line":146,"column":14}},"42":{"start":{"line":149,"column":24},"end":{"line":149,"column":28}},"43":{"start":{"line":150,"column":8},"end":{"line":153,"column":null}},"44":{"start":{"line":152,"column":10},"end":{"line":152,"column":77}},"45":{"start":{"line":154,"column":8},"end":{"line":154,"column":14}},"46":{"start":{"line":159,"column":4},"end":{"line":159,"column":27}},"47":{"start":{"line":162,"column":4},"end":{"line":165,"column":null}},"48":{"start":{"line":163,"column":22},"end":{"line":163,"column":75}},"49":{"start":{"line":164,"column":6},"end":{"line":164,"column":37}},"50":{"start":{"line":169,"column":4},"end":{"line":172,"column":7}},"51":{"start":{"line":171,"column":6},"end":{"line":171,"column":32}},"52":{"start":{"line":174,"column":4},"end":{"line":176,"column":7}},"53":{"start":{"line":175,"column":6},"end":{"line":175,"column":34}},"54":{"start":{"line":178,"column":4},"end":{"line":180,"column":7}},"55":{"start":{"line":179,"column":6},"end":{"line":179,"column":47}},"56":{"start":{"line":185,"column":4},"end":{"line":187,"column":13}},"57":{"start":{"line":186,"column":6},"end":{"line":186,"column":34}},"58":{"start":{"line":192,"column":4},"end":{"line":192,"column":44}},"59":{"start":{"line":196,"column":4},"end":{"line":221,"column":null}},"60":{"start":{"line":198,"column":23},"end":{"line":198,"column":98}},"61":{"start":{"line":201,"column":6},"end":{"line":218,"column":9}},"62":{"start":{"line":202,"column":27},"end":{"line":202,"column":54}},"63":{"start":{"line":203,"column":8},"end":{"line":217,"column":null}},"64":{"start":{"line":204,"column":25},"end":{"line":204,"column":50}},"65":{"start":{"line":206,"column":10},"end":{"line":216,"column":13}},"66":{"start":{"line":220,"column":6},"end":{"line":220,"column":57}},"67":{"start":{"line":225,"column":4},"end":{"line":225,"column":43}},"68":{"start":{"line":229,"column":19},"end":{"line":229,"column":74}},"69":{"start":{"line":230,"column":4},"end":{"line":232,"column":7}},"70":{"start":{"line":231,"column":6},"end":{"line":231,"column":95}},"71":{"start":{"line":233,"column":4},"end":{"line":233,"column":18}},"72":{"start":{"line":237,"column":4},"end":{"line":239,"column":null}},"73":{"start":{"line":238,"column":6},"end":{"line":238,"column":41}},"74":{"start":{"line":240,"column":4},"end":{"line":240,"column":28}},"75":{"start":{"line":245,"column":13},"end":{"line":245,"column":55}}},"fnMap":{"0":{"name":"(anonymous_7)","decl":{"start":{"line":80,"column":2},"end":{"line":80,"column":null}},"loc":{"start":{"line":80,"column":2},"end":{"line":92,"column":3}}},"1":{"name":"(anonymous_8)","decl":{"start":{"line":94,"column":10},"end":{"line":94,"column":25}},"loc":{"start":{"line":94,"column":25},"end":{"line":107,"column":3}}},"2":{"name":"(anonymous_9)","decl":{"start":{"line":109,"column":10},"end":{"line":109,"column":25}},"loc":{"start":{"line":109,"column":25},"end":{"line":119,"column":3}}},"3":{"name":"(anonymous_10)","decl":{"start":{"line":121,"column":15},"end":{"line":121,"column":30}},"loc":{"start":{"line":121,"column":75},"end":{"line":166,"column":null}}},"4":{"name":"(anonymous_12)","decl":{"start":{"line":168,"column":10},"end":{"line":168,"column":31}},"loc":{"start":{"line":168,"column":31},"end":{"line":181,"column":3}}},"5":{"name":"(anonymous_13)","decl":{"start":{"line":169,"column":31},"end":{"line":169,"column":34}},"loc":{"start":{"line":169,"column":36},"end":{"line":172,"column":5}}},"6":{"name":"(anonymous_14)","decl":{"start":{"line":174,"column":31},"end":{"line":174,"column":32}},"loc":{"start":{"line":174,"column":48},"end":{"line":176,"column":5}}},"7":{"name":"(anonymous_15)","decl":{"start":{"line":178,"column":32},"end":{"line":178,"column":33}},"loc":{"start":{"line":178,"column":47},"end":{"line":180,"column":5}}},"8":{"name":"(anonymous_16)","decl":{"start":{"line":183,"column":10},"end":{"line":183,"column":28}},"loc":{"start":{"line":183,"column":28},"end":{"line":188,"column":3}}},"9":{"name":"(anonymous_17)","decl":{"start":{"line":185,"column":38},"end":{"line":185,"column":41}},"loc":{"start":{"line":185,"column":43},"end":{"line":187,"column":5}}},"10":{"name":"(anonymous_18)","decl":{"start":{"line":190,"column":10},"end":{"line":190,"column":30}},"loc":{"start":{"line":190,"column":30},"end":{"line":193,"column":3}}},"11":{"name":"(anonymous_19)","decl":{"start":{"line":195,"column":10},"end":{"line":195,"column":26}},"loc":{"start":{"line":195,"column":39},"end":{"line":222,"column":3}}},"12":{"name":"(anonymous_20)","decl":{"start":{"line":201,"column":39},"end":{"line":201,"column":40}},"loc":{"start":{"line":201,"column":57},"end":{"line":218,"column":7}}},"13":{"name":"(anonymous_21)","decl":{"start":{"line":224,"column":9},"end":{"line":224,"column":25}},"loc":{"start":{"line":224,"column":51},"end":{"line":226,"column":3}}},"14":{"name":"(anonymous_22)","decl":{"start":{"line":228,"column":9},"end":{"line":228,"column":23}},"loc":{"start":{"line":228,"column":23},"end":{"line":234,"column":3}}},"15":{"name":"(anonymous_23)","decl":{"start":{"line":230,"column":39},"end":{"line":230,"column":40}},"loc":{"start":{"line":230,"column":48},"end":{"line":232,"column":5}}},"16":{"name":"(anonymous_24)","decl":{"start":{"line":236,"column":9},"end":{"line":236,"column":13}},"loc":{"start":{"line":236,"column":13},"end":{"line":241,"column":3}}}},"branchMap":{"0":{"loc":{"start":{"line":96,"column":6},"end":{"line":102,"column":null}},"type":"if","locations":[{"start":{"line":96,"column":6},"end":{"line":102,"column":null}},{"start":{"line":99,"column":13},"end":{"line":102,"column":null}}]},"1":{"loc":{"start":{"line":112,"column":6},"end":{"line":114,"column":null}},"type":"if","locations":[{"start":{"line":112,"column":6},"end":{"line":114,"column":null}}]},"2":{"loc":{"start":{"line":122,"column":4},"end":{"line":124,"column":null}},"type":"if","locations":[{"start":{"line":122,"column":4},"end":{"line":124,"column":null}}]},"3":{"loc":{"start":{"line":122,"column":8},"end":{"line":122,"column":51}},"type":"binary-expr","locations":[{"start":{"line":122,"column":8},"end":{"line":122,"column":23}},{"start":{"line":122,"column":27},"end":{"line":122,"column":51}}]},"4":{"loc":{"start":{"line":126,"column":4},"end":{"line":156,"column":null}},"type":"switch","locations":[{"start":{"line":127,"column":6},"end":{"line":133,"column":null}},{"start":{"line":134,"column":6},"end":{"line":140,"column":null}},{"start":{"line":141,"column":6},"end":{"line":147,"column":null}},{"start":{"line":148,"column":6},"end":{"line":155,"column":null}}]},"5":{"loc":{"start":{"line":129,"column":8},"end":{"line":131,"column":null}},"type":"if","locations":[{"start":{"line":129,"column":8},"end":{"line":131,"column":null}}]},"6":{"loc":{"start":{"line":129,"column":12},"end":{"line":129,"column":65}},"type":"binary-expr","locations":[{"start":{"line":129,"column":12},"end":{"line":129,"column":37}},{"start":{"line":129,"column":41},"end":{"line":129,"column":65}}]},"7":{"loc":{"start":{"line":136,"column":8},"end":{"line":138,"column":null}},"type":"if","locations":[{"start":{"line":136,"column":8},"end":{"line":138,"column":null}}]},"8":{"loc":{"start":{"line":136,"column":12},"end":{"line":136,"column":63}},"type":"binary-expr","locations":[{"start":{"line":136,"column":12},"end":{"line":136,"column":36}},{"start":{"line":136,"column":40},"end":{"line":136,"column":63}}]},"9":{"loc":{"start":{"line":143,"column":8},"end":{"line":145,"column":null}},"type":"if","locations":[{"start":{"line":143,"column":8},"end":{"line":145,"column":null}}]},"10":{"loc":{"start":{"line":143,"column":12},"end":{"line":143,"column":83}},"type":"binary-expr","locations":[{"start":{"line":143,"column":12},"end":{"line":143,"column":36}},{"start":{"line":143,"column":40},"end":{"line":143,"column":63}},{"start":{"line":143,"column":67},"end":{"line":143,"column":83}}]},"11":{"loc":{"start":{"line":150,"column":8},"end":{"line":153,"column":null}},"type":"if","locations":[{"start":{"line":150,"column":8},"end":{"line":153,"column":null}}]},"12":{"loc":{"start":{"line":152,"column":50},"end":{"line":152,"column":71}},"type":"cond-expr","locations":[{"start":{"line":152,"column":58},"end":{"line":152,"column":63}},{"start":{"line":152,"column":66},"end":{"line":152,"column":71}}]},"13":{"loc":{"start":{"line":162,"column":4},"end":{"line":165,"column":null}},"type":"if","locations":[{"start":{"line":162,"column":4},"end":{"line":165,"column":null}}]},"14":{"loc":{"start":{"line":203,"column":8},"end":{"line":217,"column":null}},"type":"if","locations":[{"start":{"line":203,"column":8},"end":{"line":217,"column":null}}]},"15":{"loc":{"start":{"line":225,"column":11},"end":{"line":225,"column":42}},"type":"binary-expr","locations":[{"start":{"line":225,"column":11},"end":{"line":225,"column":34}},{"start":{"line":225,"column":38},"end":{"line":225,"column":42}}]},"16":{"loc":{"start":{"line":237,"column":4},"end":{"line":239,"column":null}},"type":"if","locations":[{"start":{"line":237,"column":4},"end":{"line":239,"column":null}}]}},"s":{"0":0,"1":0,"2":0,"3":0,"4":0,"5":0,"6":0,"7":0,"8":0,"9":0,"10":0,"11":0,"12":0,"13":0,"14":0,"15":0,"16":0,"17":0,"18":0,"19":0,"20":0,"21":0,"22":0,"23":0,"24":0,"25":0,"26":0,"27":0,"28":0,"29":0,"30":0,"31":0,"32":0,"33":0,"34":0,"35":0,"36":0,"37":0,"38":0,"39":0,"40":0,"41":0,"42":0,"43":0,"44":0,"45":0,"46":0,"47":0,"48":0,"49":0,"50":0,"51":0,"52":0,"53":0,"54":0,"55":0,"56":0,"57":0,"58":0,"59":0,"60":0,"61":0,"62":0,"63":0,"64":0,"65":0,"66":0,"67":0,"68":0,"69":0,"70":0,"71":0,"72":0,"73":0,"74":0,"75":0},"f":{"0":0,"1":0,"2":0,"3":0,"4":0,"5":0,"6":0,"7":0,"8":0,"9":0,"10":0,"11":0,"12":0,"13":0,"14":0,"15":0,"16":0},"b":{"0":[0,0],"1":[0],"2":[0],"3":[0,0],"4":[0,0,0,0],"5":[0],"6":[0,0],"7":[0],"8":[0,0],"9":[0],"10":[0,0,0],"11":[0],"12":[0,0],"13":[0],"14":[0],"15":[0,0],"16":[0]}}
,"/Users/zelvel/Desktop/greenhouse/src/server/middleware/auth.ts": {"path":"/Users/zelvel/Desktop/greenhouse/src/server/middleware/auth.ts","statementMap":{"0":{"start":{"line":2,"column":0},"end":{"line":2,"column":31}},"1":{"start":{"line":3,"column":0},"end":{"line":3,"column":52}},"2":{"start":{"line":4,"column":0},"end":{"line":4,"column":40}},"3":{"start":{"line":6,"column":19},"end":{"line":6,"column":67}},"4":{"start":{"line":25,"column":29},"end":{"line":31,"column":1}},"5":{"start":{"line":26,"column":2},"end":{"line":30,"column":4}},"6":{"start":{"line":25,"column":13},"end":{"line":25,"column":29}},"7":{"start":{"line":33,"column":27},"end":{"line":44,"column":1}},"8":{"start":{"line":34,"column":2},"end":{"line":43,"column":null}},"9":{"start":{"line":35,"column":4},"end":{"line":35,"column":55}},"10":{"start":{"line":37,"column":4},"end":{"line":42,"column":6}},"11":{"start":{"line":33,"column":13},"end":{"line":33,"column":27}},"12":{"start":{"line":46,"column":28},"end":{"line":64,"column":1}},"13":{"start":{"line":47,"column":2},"end":{"line":63,"column":null}},"14":{"start":{"line":48,"column":23},"end":{"line":48,"column":48}},"15":{"start":{"line":49,"column":4},"end":{"line":51,"column":null}},"16":{"start":{"line":50,"column":6},"end":{"line":50,"column":63}},"17":{"start":{"line":53,"column":28},"end":{"line":53,"column":49}},"18":{"start":{"line":54,"column":4},"end":{"line":56,"column":null}},"19":{"start":{"line":55,"column":6},"end":{"line":55,"column":78}},"20":{"start":{"line":58,"column":20},"end":{"line":58,"column":38}},"21":{"start":{"line":59,"column":4},"end":{"line":59,"column":23}},"22":{"start":{"line":60,"column":4},"end":{"line":60,"column":11}},"23":{"start":{"line":62,"column":4},"end":{"line":62,"column":16}},"24":{"start":{"line":46,"column":13},"end":{"line":46,"column":28}},"25":{"start":{"line":66,"column":25},"end":{"line":76,"column":1}},"26":{"start":{"line":67,"column":2},"end":{"line":75,"column":4}},"27":{"start":{"line":68,"column":4},"end":{"line":70,"column":null}},"28":{"start":{"line":69,"column":6},"end":{"line":69,"column":84}},"29":{"start":{"line":71,"column":4},"end":{"line":73,"column":null}},"30":{"start":{"line":72,"column":6},"end":{"line":72,"column":93}},"31":{"start":{"line":74,"column":4},"end":{"line":74,"column":11}},"32":{"start":{"line":66,"column":13},"end":{"line":66,"column":25}},"33":{"start":{"line":78,"column":28},"end":{"line":92,"column":1}},"34":{"start":{"line":79,"column":19},"end":{"line":79,"column":22}},"35":{"start":{"line":80,"column":2},"end":{"line":82,"column":null}},"36":{"start":{"line":81,"column":4},"end":{"line":81,"column":75}},"37":{"start":{"line":84,"column":19},"end":{"line":84,"column":56}},"38":{"start":{"line":86,"column":2},"end":{"line":89,"column":5}},"39":{"start":{"line":91,"column":2},"end":{"line":91,"column":32}},"40":{"start":{"line":78,"column":13},"end":{"line":78,"column":28}}},"fnMap":{"0":{"name":"(anonymous_0)","decl":{"start":{"line":25,"column":29},"end":{"line":25,"column":30}},"loc":{"start":{"line":25,"column":70},"end":{"line":31,"column":1}}},"1":{"name":"(anonymous_1)","decl":{"start":{"line":33,"column":27},"end":{"line":33,"column":28}},"loc":{"start":{"line":33,"column":57},"end":{"line":44,"column":1}}},"2":{"name":"(anonymous_2)","decl":{"start":{"line":46,"column":28},"end":{"line":46,"column":29}},"loc":{"start":{"line":46,"column":80},"end":{"line":64,"column":1}}},"3":{"name":"(anonymous_3)","decl":{"start":{"line":66,"column":25},"end":{"line":66,"column":26}},"loc":{"start":{"line":66,"column":48},"end":{"line":76,"column":1}}},"4":{"name":"(anonymous_4)","decl":{"start":{"line":67,"column":9},"end":{"line":67,"column":10}},"loc":{"start":{"line":67,"column":61},"end":{"line":75,"column":3}}},"5":{"name":"(anonymous_5)","decl":{"start":{"line":78,"column":28},"end":{"line":78,"column":29}},"loc":{"start":{"line":78,"column":60},"end":{"line":92,"column":1}}}},"branchMap":{"0":{"loc":{"start":{"line":6,"column":19},"end":{"line":6,"column":67}},"type":"binary-expr","locations":[{"start":{"line":6,"column":19},"end":{"line":6,"column":41}},{"start":{"line":6,"column":45},"end":{"line":6,"column":67}}]},"1":{"loc":{"start":{"line":29,"column":17},"end":{"line":29,"column":52}},"type":"binary-expr","locations":[{"start":{"line":29,"column":17},"end":{"line":29,"column":43}},{"start":{"line":29,"column":47},"end":{"line":29,"column":52}}]},"2":{"loc":{"start":{"line":49,"column":4},"end":{"line":51,"column":null}},"type":"if","locations":[{"start":{"line":49,"column":4},"end":{"line":51,"column":null}}]},"3":{"loc":{"start":{"line":54,"column":4},"end":{"line":56,"column":null}},"type":"if","locations":[{"start":{"line":54,"column":4},"end":{"line":56,"column":null}}]},"4":{"loc":{"start":{"line":54,"column":8},"end":{"line":54,"column":37}},"type":"binary-expr","locations":[{"start":{"line":54,"column":8},"end":{"line":54,"column":27}},{"start":{"line":54,"column":31},"end":{"line":54,"column":37}}]},"5":{"loc":{"start":{"line":68,"column":4},"end":{"line":70,"column":null}},"type":"if","locations":[{"start":{"line":68,"column":4},"end":{"line":70,"column":null}}]},"6":{"loc":{"start":{"line":71,"column":4},"end":{"line":73,"column":null}},"type":"if","locations":[{"start":{"line":71,"column":4},"end":{"line":73,"column":null}}]},"7":{"loc":{"start":{"line":80,"column":2},"end":{"line":82,"column":null}},"type":"if","locations":[{"start":{"line":80,"column":2},"end":{"line":82,"column":null}}]}},"s":{"0":0,"1":0,"2":0,"3":0,"4":0,"5":0,"6":0,"7":0,"8":0,"9":0,"10":0,"11":0,"12":0,"13":0,"14":0,"15":0,"16":0,"17":0,"18":0,"19":0,"20":0,"21":0,"22":0,"23":0,"24":0,"25":0,"26":0,"27":0,"28":0,"29":0,"30":0,"31":0,"32":0,"33":0,"34":0,"35":0,"36":0,"37":0,"38":0,"39":0,"40":0},"f":{"0":0,"1":0,"2":0,"3":0,"4":0,"5":0},"b":{"0":[0,0],"1":[0,0],"2":[0],"3":[0],"4":[0,0],"5":[0],"6":[0],"7":[0]}}
,"/Users/zelvel/Desktop/greenhouse/src/server/middleware/errorHandler.ts": {"path":"/Users/zelvel/Desktop/greenhouse/src/server/middleware/errorHandler.ts","statementMap":{"0":{"start":{"line":2,"column":0},"end":{"line":2,"column":70}},"1":{"start":{"line":3,"column":0},"end":{"line":3,"column":40}},"2":{"start":{"line":5,"column":28},"end":{"line":32,"column":1}},"3":{"start":{"line":10,"column":19},"end":{"line":10,"column":37}},"4":{"start":{"line":13,"column":2},"end":{"line":20,"column":null}},"5":{"start":{"line":14,"column":4},"end":{"line":19,"column":7}},"6":{"start":{"line":23,"column":16},"end":{"line":28,"column":null}},"7":{"start":{"line":31,"column":2},"end":{"line":31,"column":49}},"8":{"start":{"line":5,"column":13},"end":{"line":5,"column":28}},"9":{"start":{"line":34,"column":31},"end":{"line":39,"column":1}},"10":{"start":{"line":35,"column":2},"end":{"line":38,"column":5}},"11":{"start":{"line":34,"column":13},"end":{"line":34,"column":31}}},"fnMap":{"0":{"name":"(anonymous_0)","decl":{"start":{"line":5,"column":28},"end":{"line":5,"column":null}},"loc":{"start":{"line":9,"column":4},"end":{"line":32,"column":1}}},"1":{"name":"(anonymous_1)","decl":{"start":{"line":34,"column":31},"end":{"line":34,"column":32}},"loc":{"start":{"line":34,"column":63},"end":{"line":39,"column":1}}}},"branchMap":{"0":{"loc":{"start":{"line":13,"column":2},"end":{"line":20,"column":null}},"type":"if","locations":[{"start":{"line":13,"column":2},"end":{"line":20,"column":null}}]},"1":{"loc":{"start":{"line":25,"column":13},"end":{"line":27,"column":24}},"type":"cond-expr","locations":[{"start":{"line":26,"column":8},"end":{"line":26,"column":38}},{"start":{"line":27,"column":8},"end":{"line":27,"column":24}}]},"2":{"loc":{"start":{"line":25,"column":13},"end":{"line":25,"column":78}},"type":"binary-expr","locations":[{"start":{"line":25,"column":13},"end":{"line":25,"column":50}},{"start":{"line":25,"column":54},"end":{"line":25,"column":78}}]},"3":{"loc":{"start":{"line":28,"column":8},"end":{"line":28,"column":78}},"type":"binary-expr","locations":[{"start":{"line":28,"column":8},"end":{"line":28,"column":45}},{"start":{"line":28,"column":49},"end":{"line":28,"column":78}}]}},"s":{"0":0,"1":0,"2":0,"3":0,"4":0,"5":0,"6":0,"7":0,"8":0,"9":0,"10":0,"11":0},"f":{"0":0,"1":0},"b":{"0":[0],"1":[0,0],"2":[0,0],"3":[0,0]}}
,"/Users/zelvel/Desktop/greenhouse/src/server/middleware/rateLimit.ts": {"path":"/Users/zelvel/Desktop/greenhouse/src/server/middleware/rateLimit.ts","statementMap":{"0":{"start":{"line":2,"column":0},"end":{"line":2,"column":43}},"1":{"start":{"line":3,"column":0},"end":{"line":3,"column":40}},"2":{"start":{"line":6,"column":13},"end":{"line":25,"column":3}},"3":{"start":{"line":12,"column":4},"end":{"line":15,"column":7}},"4":{"start":{"line":16,"column":4},"end":{"line":19,"column":7}},"5":{"start":{"line":23,"column":4},"end":{"line":23,"column":34}}},"fnMap":{"0":{"name":"(anonymous_0)","decl":{"start":{"line":11,"column":11},"end":{"line":11,"column":12}},"loc":{"start":{"line":11,"column":43},"end":{"line":20,"column":3}}},"1":{"name":"(anonymous_1)","decl":{"start":{"line":21,"column":8},"end":{"line":21,"column":9}},"loc":{"start":{"line":21,"column":25},"end":{"line":24,"column":3}}}},"branchMap":{"0":{"loc":{"start":{"line":7,"column":21},"end":{"line":7,"column":77}},"type":"binary-expr","locations":[{"start":{"line":7,"column":21},"end":{"line":7,"column":68}},{"start":{"line":7,"column":72},"end":{"line":7,"column":77}}]},"1":{"loc":{"start":{"line":7,"column":21},"end":{"line":7,"column":68}},"type":"cond-expr","locations":[{"start":{"line":7,"column":48},"end":{"line":7,"column":50}},{"start":{"line":7,"column":48},"end":{"line":7,"column":68}}]},"2":{"loc":{"start":{"line":7,"column":21},"end":{"line":7,"column":50}},"type":"binary-expr","locations":[{"start":{"line":7,"column":21},"end":{"line":7,"column":50}},{"start":{"line":7,"column":48},"end":{"line":7,"column":50}}]},"3":{"loc":{"start":{"line":8,"column":16},"end":{"line":8,"column":51}},"type":"binary-expr","locations":[{"start":{"line":8,"column":16},"end":{"line":8,"column":42}},{"start":{"line":8,"column":46},"end":{"line":8,"column":51}}]}},"s":{"0":0,"1":0,"2":0,"3":0,"4":0,"5":0},"f":{"0":0,"1":0},"b":{"0":[0,0],"1":[0,0],"2":[0,0],"3":[0,0]}}
,"/Users/zelvel/Desktop/greenhouse/src/server/utils/errorHandler.ts": {"path":"/Users/zelvel/Desktop/greenhouse/src/server/utils/errorHandler.ts","statementMap":{"0":{"start":{"line":1,"column":0},"end":{"line":1,"column":33}},"1":{"start":{"line":10,"column":4},"end":{"line":10,"column":19}},"2":{"start":{"line":6,"column":20},"end":{"line":6,"column":32}},"3":{"start":{"line":7,"column":20},"end":{"line":7,"column":41}},"4":{"start":{"line":8,"column":20},"end":{"line":8,"column":37}},"5":{"start":{"line":11,"column":4},"end":{"line":11,"column":27}},"6":{"start":{"line":3,"column":0},"end":{"line":3,"column":13}},"7":{"start":{"line":17,"column":4},"end":{"line":17,"column":53}},"8":{"start":{"line":18,"column":4},"end":{"line":18,"column":34}},"9":{"start":{"line":15,"column":0},"end":{"line":15,"column":13}},"10":{"start":{"line":24,"column":4},"end":{"line":24,"column":37}},"11":{"start":{"line":25,"column":4},"end":{"line":25,"column":32}},"12":{"start":{"line":22,"column":0},"end":{"line":22,"column":13}},"13":{"start":{"line":31,"column":4},"end":{"line":31,"column":51}},"14":{"start":{"line":32,"column":4},"end":{"line":32,"column":32}},"15":{"start":{"line":29,"column":0},"end":{"line":29,"column":13}},"16":{"start":{"line":36,"column":27},"end":{"line":60,"column":1}},"17":{"start":{"line":37,"column":2},"end":{"line":44,"column":null}},"18":{"start":{"line":38,"column":4},"end":{"line":42,"column":7}},"19":{"start":{"line":43,"column":4},"end":{"line":43,"column":17}},"20":{"start":{"line":46,"column":19},"end":{"line":50,"column":null}},"21":{"start":{"line":53,"column":2},"end":{"line":57,"column":5}},"22":{"start":{"line":59,"column":2},"end":{"line":59,"column":18}},"23":{"start":{"line":36,"column":13},"end":{"line":36,"column":27}},"24":{"start":{"line":62,"column":29},"end":{"line":67,"column":1}},"25":{"start":{"line":63,"column":2},"end":{"line":65,"column":null}},"26":{"start":{"line":64,"column":4},"end":{"line":64,"column":34}},"27":{"start":{"line":66,"column":2},"end":{"line":66,"column":15}},"28":{"start":{"line":62,"column":13},"end":{"line":62,"column":29}}},"fnMap":{"0":{"name":"(anonymous_0)","decl":{"start":{"line":4,"column":2},"end":{"line":4,"column":null}},"loc":{"start":{"line":8,"column":37},"end":{"line":12,"column":3}}},"1":{"name":"(anonymous_1)","decl":{"start":{"line":16,"column":2},"end":{"line":16,"column":14}},"loc":{"start":{"line":16,"column":48},"end":{"line":19,"column":3}}},"2":{"name":"(anonymous_2)","decl":{"start":{"line":23,"column":2},"end":{"line":23,"column":14}},"loc":{"start":{"line":23,"column":29},"end":{"line":26,"column":3}}},"3":{"name":"(anonymous_3)","decl":{"start":{"line":30,"column":2},"end":{"line":30,"column":14}},"loc":{"start":{"line":30,"column":48},"end":{"line":33,"column":3}}},"4":{"name":"(anonymous_4)","decl":{"start":{"line":36,"column":27},"end":{"line":36,"column":28}},"loc":{"start":{"line":36,"column":56},"end":{"line":60,"column":1}}},"5":{"name":"(anonymous_5)","decl":{"start":{"line":62,"column":29},"end":{"line":62,"column":30}},"loc":{"start":{"line":62,"column":57},"end":{"line":67,"column":1}}}},"branchMap":{"0":{"loc":{"start":{"line":7,"column":20},"end":{"line":7,"column":44}},"type":"default-arg","locations":[{"start":{"line":7,"column":41},"end":{"line":7,"column":44}}]},"1":{"loc":{"start":{"line":37,"column":2},"end":{"line":44,"column":null}},"type":"if","locations":[{"start":{"line":37,"column":2},"end":{"line":44,"column":null}}]},"2":{"loc":{"start":{"line":47,"column":4},"end":{"line":47,"column":75}},"type":"cond-expr","locations":[{"start":{"line":47,"column":29},"end":{"line":47,"column":42}},{"start":{"line":47,"column":45},"end":{"line":47,"column":75}}]},"3":{"loc":{"start":{"line":63,"column":2},"end":{"line":65,"column":null}},"type":"if","locations":[{"start":{"line":63,"column":2},"end":{"line":65,"column":null}}]}},"s":{"0":0,"1":0,"2":0,"3":0,"4":0,"5":0,"6":0,"7":0,"8":0,"9":0,"10":0,"11":0,"12":0,"13":0,"14":0,"15":0,"16":0,"17":0,"18":0,"19":0,"20":0,"21":0,"22":0,"23":0,"24":0,"25":0,"26":0,"27":0,"28":0},"f":{"0":0,"1":0,"2":0,"3":0,"4":0,"5":0},"b":{"0":[0],"1":[0],"2":[0,0],"3":[0]}}
,"/Users/zelvel/Desktop/greenhouse/src/server/utils/logger.ts": {"path":"/Users/zelvel/Desktop/greenhouse/src/server/utils/logger.ts","statementMap":{"0":{"start":{"line":1,"column":0},"end":{"line":1,"column":30}},"1":{"start":{"line":3,"column":49},"end":{"line":3,"column":63}},"2":{"start":{"line":9,"column":18},"end":{"line":22,"column":2}},"3":{"start":{"line":10,"column":57},"end":{"line":10,"column":61}},"4":{"start":{"line":10,"column":52},"end":{"line":10,"column":57}},"5":{"start":{"line":11,"column":12},"end":{"line":11,"column":70}},"6":{"start":{"line":14,"column":24},"end":{"line":15,"column":null}},"7":{"start":{"line":15,"column":47},"end":{"line":15,"column":67}},"8":{"start":{"line":18,"column":2},"end":{"line":20,"column":null}},"9":{"start":{"line":19,"column":4},"end":{"line":19,"column":47}},"10":{"start":{"line":21,"column":2},"end":{"line":21,"column":13}},"11":{"start":{"line":24,"column":15},"end":{"line":34,"column":2}},"12":{"start":{"line":36,"column":0},"end":{"line":44,"column":null}},"13":{"start":{"line":37,"column":2},"end":{"line":43,"column":6}},"14":{"start":{"line":46,"column":0},"end":{"line":46,"column":22}}},"fnMap":{"0":{"name":"(anonymous_1)","decl":{"start":{"line":9,"column":25},"end":{"line":9,"column":26}},"loc":{"start":{"line":9,"column":43},"end":{"line":22,"column":1}}},"1":{"name":"(anonymous_2)","decl":{"start":{"line":15,"column":36},"end":{"line":15,"column":37}},"loc":{"start":{"line":15,"column":47},"end":{"line":15,"column":67}}}},"branchMap":{"0":{"loc":{"start":{"line":11,"column":15},"end":{"line":11,"column":45}},"type":"binary-expr","locations":[{"start":{"line":11,"column":15},"end":{"line":11,"column":17}},{"start":{"line":11,"column":21},"end":{"line":11,"column":45}}]},"1":{"loc":{"start":{"line":18,"column":2},"end":{"line":20,"column":null}},"type":"if","locations":[{"start":{"line":18,"column":2},"end":{"line":20,"column":null}}]},"2":{"loc":{"start":{"line":25,"column":9},"end":{"line":25,"column":65}},"type":"cond-expr","locations":[{"start":{"line":25,"column":49},"end":{"line":25,"column":55}},{"start":{"line":25,"column":58},"end":{"line":25,"column":65}}]},"3":{"loc":{"start":{"line":36,"column":0},"end":{"line":44,"column":null}},"type":"if","locations":[{"start":{"line":36,"column":0},"end":{"line":44,"column":null}}]}},"s":{"0":0,"1":0,"2":0,"3":0,"4":0,"5":0,"6":0,"7":0,"8":0,"9":0,"10":0,"11":0,"12":0,"13":0,"14":0},"f":{"0":0,"1":0},"b":{"0":[0,0],"1":[0],"2":[0,0],"3":[0]}}
,"/Users/zelvel/Desktop/greenhouse/src/services/api.ts": {"path":"/Users/zelvel/Desktop/greenhouse/src/services/api.ts","statementMap":{"0":{"start":{"line":1,"column":0},"end":{"line":1,"column":26}},"1":{"start":{"line":14,"column":12},"end":{"line":19,"column":2}},"2":{"start":{"line":21,"column":32},"end":{"line":24,"column":2}},"3":{"start":{"line":21,"column":89},"end":{"line":24,"column":2}},"4":{"start":{"line":22,"column":19},"end":{"line":22,"column":57}},"5":{"start":{"line":23,"column":2},"end":{"line":23,"column":14}},"6":{"start":{"line":21,"column":13},"end":{"line":21,"column":32}},"7":{"start":{"line":26,"column":32},"end":{"line":32,"column":2}},"8":{"start":{"line":29,"column":28},"end":{"line":32,"column":2}},"9":{"start":{"line":30,"column":19},"end":{"line":30,"column":73}},"10":{"start":{"line":31,"column":2},"end":{"line":31,"column":14}},"11":{"start":{"line":26,"column":13},"end":{"line":26,"column":32}},"12":{"start":{"line":34,"column":31},"end":{"line":37,"column":2}},"13":{"start":{"line":34,"column":65},"end":{"line":37,"column":2}},"14":{"start":{"line":35,"column":19},"end":{"line":35,"column":43}},"15":{"start":{"line":36,"column":2},"end":{"line":36,"column":14}},"16":{"start":{"line":34,"column":13},"end":{"line":34,"column":31}},"17":{"start":{"line":39,"column":29},"end":{"line":49,"column":2}},"18":{"start":{"line":42,"column":26},"end":{"line":49,"column":2}},"19":{"start":{"line":43,"column":14},"end":{"line":45,"column":null}},"20":{"start":{"line":47,"column":19},"end":{"line":47,"column":61}},"21":{"start":{"line":48,"column":2},"end":{"line":48,"column":14}},"22":{"start":{"line":39,"column":13},"end":{"line":39,"column":29}},"23":{"start":{"line":51,"column":31},"end":{"line":61,"column":2}},"24":{"start":{"line":54,"column":28},"end":{"line":61,"column":2}},"25":{"start":{"line":55,"column":14},"end":{"line":57,"column":null}},"26":{"start":{"line":59,"column":19},"end":{"line":59,"column":63}},"27":{"start":{"line":60,"column":2},"end":{"line":60,"column":14}},"28":{"start":{"line":51,"column":13},"end":{"line":51,"column":31}},"29":{"start":{"line":63,"column":38},"end":{"line":71,"column":2}},"30":{"start":{"line":66,"column":36},"end":{"line":71,"column":2}},"31":{"start":{"line":67,"column":19},"end":{"line":69,"column":4}},"32":{"start":{"line":70,"column":2},"end":{"line":70,"column":14}},"33":{"start":{"line":63,"column":13},"end":{"line":63,"column":38}},"34":{"start":{"line":74,"column":0},"end":{"line":91,"column":2}},"35":{"start":{"line":75,"column":16},"end":{"line":75,"column":24}},"36":{"start":{"line":77,"column":4},"end":{"line":89,"column":null}},"37":{"start":{"line":79,"column":6},"end":{"line":79,"column":55}},"38":{"start":{"line":80,"column":6},"end":{"line":80,"column":72}},"39":{"start":{"line":81,"column":11},"end":{"line":89,"column":null}},"40":{"start":{"line":83,"column":6},"end":{"line":83,"column":53}},"41":{"start":{"line":84,"column":6},"end":{"line":84,"column":70}},"42":{"start":{"line":87,"column":6},"end":{"line":87,"column":53}},"43":{"start":{"line":88,"column":6},"end":{"line":88,"column":53}}},"fnMap":{"0":{"name":"(anonymous_7)","decl":{"start":{"line":21,"column":32},"end":{"line":21,"column":39}},"loc":{"start":{"line":21,"column":89},"end":{"line":24,"column":2}}},"1":{"name":"(anonymous_8)","decl":{"start":{"line":21,"column":89},"end":{"line":21,"column":null}},"loc":{"start":{"line":21,"column":89},"end":{"line":24,"column":1}}},"2":{"name":"(anonymous_9)","decl":{"start":{"line":26,"column":32},"end":{"line":26,"column":null}},"loc":{"start":{"line":29,"column":28},"end":{"line":32,"column":2}}},"3":{"name":"(anonymous_10)","decl":{"start":{"line":29,"column":28},"end":{"line":29,"column":null}},"loc":{"start":{"line":29,"column":28},"end":{"line":32,"column":1}}},"4":{"name":"(anonymous_11)","decl":{"start":{"line":34,"column":31},"end":{"line":34,"column":63}},"loc":{"start":{"line":34,"column":65},"end":{"line":37,"column":2}}},"5":{"name":"(anonymous_12)","decl":{"start":{"line":34,"column":65},"end":{"line":34,"column":null}},"loc":{"start":{"line":34,"column":65},"end":{"line":37,"column":1}}},"6":{"name":"(anonymous_13)","decl":{"start":{"line":39,"column":29},"end":{"line":39,"column":null}},"loc":{"start":{"line":42,"column":26},"end":{"line":49,"column":2}}},"7":{"name":"(anonymous_14)","decl":{"start":{"line":42,"column":26},"end":{"line":42,"column":null}},"loc":{"start":{"line":42,"column":26},"end":{"line":49,"column":1}}},"8":{"name":"(anonymous_15)","decl":{"start":{"line":51,"column":31},"end":{"line":51,"column":null}},"loc":{"start":{"line":54,"column":28},"end":{"line":61,"column":2}}},"9":{"name":"(anonymous_16)","decl":{"start":{"line":54,"column":28},"end":{"line":54,"column":null}},"loc":{"start":{"line":54,"column":28},"end":{"line":61,"column":1}}},"10":{"name":"(anonymous_17)","decl":{"start":{"line":63,"column":38},"end":{"line":63,"column":null}},"loc":{"start":{"line":66,"column":36},"end":{"line":71,"column":2}}},"11":{"name":"(anonymous_18)","decl":{"start":{"line":66,"column":36},"end":{"line":66,"column":null}},"loc":{"start":{"line":66,"column":36},"end":{"line":71,"column":1}}},"12":{"name":"(anonymous_19)","decl":{"start":{"line":75,"column":2},"end":{"line":75,"column":3}},"loc":{"start":{"line":75,"column":16},"end":{"line":75,"column":24}}},"13":{"name":"(anonymous_20)","decl":{"start":{"line":76,"column":2},"end":{"line":76,"column":3}},"loc":{"start":{"line":76,"column":12},"end":{"line":90,"column":3}}}},"branchMap":{"0":{"loc":{"start":{"line":15,"column":11},"end":{"line":15,"column":66}},"type":"binary-expr","locations":[{"start":{"line":15,"column":11},"end":{"line":15,"column":39}},{"start":{"line":15,"column":43},"end":{"line":15,"column":66}}]},"1":{"loc":{"start":{"line":77,"column":4},"end":{"line":89,"column":null}},"type":"if","locations":[{"start":{"line":77,"column":4},"end":{"line":89,"column":null}},{"start":{"line":81,"column":11},"end":{"line":89,"column":null}}]},"2":{"loc":{"start":{"line":80,"column":22},"end":{"line":80,"column":70}},"type":"binary-expr","locations":[{"start":{"line":80,"column":22},"end":{"line":80,"column":47}},{"start":{"line":80,"column":51},"end":{"line":80,"column":70}}]},"3":{"loc":{"start":{"line":81,"column":11},"end":{"line":89,"column":null}},"type":"if","locations":[{"start":{"line":81,"column":11},"end":{"line":89,"column":null}},{"start":{"line":85,"column":11},"end":{"line":89,"column":null}}]}},"s":{"0":0,"1":0,"2":0,"3":0,"4":0,"5":0,"6":0,"7":0,"8":0,"9":0,"10":0,"11":0,"12":0,"13":0,"14":0,"15":0,"16":0,"17":0,"18":0,"19":0,"20":0,"21":0,"22":0,"23":0,"24":0,"25":0,"26":0,"27":0,"28":0,"29":0,"30":0,"31":0,"32":0,"33":0,"34":0,"35":0,"36":0,"37":0,"38":0,"39":0,"40":0,"41":0,"42":0,"43":0},"f":{"0":0,"1":0,"2":0,"3":0,"4":0,"5":0,"6":0,"7":0,"8":0,"9":0,"10":0,"11":0,"12":0,"13":0},"b":{"0":[0,0],"1":[0,0],"2":[0,0],"3":[0,0]}}
,"/Users/zelvel/Desktop/greenhouse/src/services/plantConfig.ts": {"path":"/Users/zelvel/Desktop/greenhouse/src/services/plantConfig.ts","statementMap":{"0":{"start":{"line":4,"column":10},"end":{"line":4,"column":54}},"1":{"start":{"line":8,"column":4},"end":{"line":8,"column":26}},"2":{"start":{"line":12,"column":4},"end":{"line":22,"column":null}},"3":{"start":{"line":13,"column":23},"end":{"line":13,"column":49}},"4":{"start":{"line":14,"column":6},"end":{"line":18,"column":null}},"5":{"start":{"line":15,"column":8},"end":{"line":15,"column":46}},"6":{"start":{"line":17,"column":8},"end":{"line":17,"column":27}},"7":{"start":{"line":20,"column":6},"end":{"line":20,"column":60}},"8":{"start":{"line":21,"column":6},"end":{"line":21,"column":25}},"9":{"start":{"line":26,"column":4},"end":{"line":26,"column":40}},"10":{"start":{"line":30,"column":27},"end":{"line":30,"column":45}},"11":{"start":{"line":31,"column":4},"end":{"line":35,"column":null}},"12":{"start":{"line":32,"column":6},"end":{"line":34,"column":null}},"13":{"start":{"line":33,"column":8},"end":{"line":33,"column":21}},"14":{"start":{"line":36,"column":4},"end":{"line":36,"column":21}},"15":{"start":{"line":40,"column":16},"end":{"line":40,"column":44}},"16":{"start":{"line":41,"column":4},"end":{"line":41,"column":31}},"17":{"start":{"line":42,"column":4},"end":{"line":42,"column":30}},"18":{"start":{"line":46,"column":4},"end":{"line":46,"column":31}},"19":{"start":{"line":47,"column":4},"end":{"line":47,"column":30}},"20":{"start":{"line":51,"column":4},"end":{"line":51,"column":30}},"21":{"start":{"line":52,"column":4},"end":{"line":52,"column":30}},"22":{"start":{"line":56,"column":4},"end":{"line":56,"column":56}},"23":{"start":{"line":60,"column":4},"end":{"line":72,"column":null}},"24":{"start":{"line":61,"column":23},"end":{"line":65,"column":8}},"25":{"start":{"line":66,"column":6},"end":{"line":68,"column":null}},"26":{"start":{"line":67,"column":8},"end":{"line":67,"column":62}},"27":{"start":{"line":70,"column":6},"end":{"line":70,"column":64}},"28":{"start":{"line":71,"column":6},"end":{"line":71,"column":18}},"29":{"start":{"line":76,"column":13},"end":{"line":76,"column":59}}},"fnMap":{"0":{"name":"(anonymous_7)","decl":{"start":{"line":6,"column":2},"end":{"line":6,"column":null}},"loc":{"start":{"line":6,"column":2},"end":{"line":9,"column":3}}},"1":{"name":"(anonymous_8)","decl":{"start":{"line":11,"column":16},"end":{"line":11,"column":30}},"loc":{"start":{"line":11,"column":30},"end":{"line":23,"column":null}}},"2":{"name":"(anonymous_10)","decl":{"start":{"line":25,"column":2},"end":{"line":25,"column":14}},"loc":{"start":{"line":25,"column":14},"end":{"line":27,"column":3}}},"3":{"name":"(anonymous_11)","decl":{"start":{"line":29,"column":2},"end":{"line":29,"column":10}},"loc":{"start":{"line":29,"column":23},"end":{"line":37,"column":3}}},"4":{"name":"(anonymous_12)","decl":{"start":{"line":39,"column":8},"end":{"line":39,"column":16}},"loc":{"start":{"line":39,"column":36},"end":{"line":43,"column":null}}},"5":{"name":"(anonymous_14)","decl":{"start":{"line":45,"column":8},"end":{"line":45,"column":19}},"loc":{"start":{"line":45,"column":52},"end":{"line":48,"column":null}}},"6":{"name":"(anonymous_16)","decl":{"start":{"line":50,"column":8},"end":{"line":50,"column":19}},"loc":{"start":{"line":50,"column":31},"end":{"line":53,"column":null}}},"7":{"name":"(anonymous_18)","decl":{"start":{"line":55,"column":10},"end":{"line":55,"column":21}},"loc":{"start":{"line":55,"column":34},"end":{"line":57,"column":3}}},"8":{"name":"(anonymous_19)","decl":{"start":{"line":59,"column":16},"end":{"line":59,"column":28}},"loc":{"start":{"line":59,"column":28},"end":{"line":73,"column":null}}}},"branchMap":{"0":{"loc":{"start":{"line":14,"column":6},"end":{"line":18,"column":null}},"type":"if","locations":[{"start":{"line":14,"column":6},"end":{"line":18,"column":null}},{"start":{"line":16,"column":13},"end":{"line":18,"column":null}}]},"1":{"loc":{"start":{"line":32,"column":6},"end":{"line":34,"column":null}},"type":"if","locations":[{"start":{"line":32,"column":6},"end":{"line":34,"column":null}}]},"2":{"loc":{"start":{"line":32,"column":10},"end":{"line":32,"column":79}},"type":"binary-expr","locations":[{"start":{"line":32,"column":10},"end":{"line":32,"column":32}},{"start":{"line":32,"column":36},"end":{"line":32,"column":79}}]},"3":{"loc":{"start":{"line":66,"column":6},"end":{"line":68,"column":null}},"type":"if","locations":[{"start":{"line":66,"column":6},"end":{"line":68,"column":null}}]}},"s":{"0":0,"1":0,"2":0,"3":0,"4":0,"5":0,"6":0,"7":0,"8":0,"9":0,"10":0,"11":0,"12":0,"13":0,"14":0,"15":0,"16":0,"17":0,"18":0,"19":0,"20":0,"21":0,"22":0,"23":0,"24":0,"25":0,"26":0,"27":0,"28":0,"29":0},"f":{"0":0,"1":0,"2":0,"3":0,"4":0,"5":0,"6":0,"7":0,"8":0},"b":{"0":[0,0],"1":[0],"2":[0,0],"3":[0]}}
,"/Users/zelvel/Desktop/greenhouse/src/types/plants.ts": {"path":"/Users/zelvel/Desktop/greenhouse/src/types/plants.ts","statementMap":{"0":{"start":{"line":45,"column":13},"end":{"line":50,"column":11}},"1":{"start":{"line":61,"column":2},"end":{"line":68,"column":null}},"2":{"start":{"line":53,"column":0},"end":{"line":53,"column":16}}},"fnMap":{"0":{"name":"createPlantProfile","decl":{"start":{"line":53,"column":16},"end":{"line":53,"column":34}},"loc":{"start":{"line":60,"column":1},"end":{"line":70,"column":1}}}},"branchMap":{},"s":{"0":0,"1":0,"2":0},"f":{"0":0},"b":{}}
}
